<?xml version="1.0" encoding="UTF-8"?>
<testng-results skipped="0" failed="0" ignored="0" total="1" passed="1">
  <reporter-output>
  </reporter-output>
  <suite name="Suite1" duration-ms="31210" started-at="2019-12-18T16:56:54Z" finished-at="2019-12-18T16:57:26Z">
    <groups>
    </groups>
    <test name="UITest" duration-ms="31210" started-at="2019-12-18T16:56:54Z" finished-at="2019-12-18T16:57:26Z">
      <class name="UITest.CalendarTest">
        <test-method status="PASS" signature="beforeTest()[pri:0, instance:UITest.CalendarTest@2344fc66]" name="beforeTest" is-config="true" duration-ms="23" started-at="2019-12-18T16:56:54Z" finished-at="2019-12-18T16:56:54Z">
          <reporter-output>
          </reporter-output>
        </test-method> <!-- beforeTest -->
        <test-method status="PASS" signature="beforeMethod()[pri:0, instance:UITest.CalendarTest@2344fc66]" name="beforeMethod" is-config="true" duration-ms="6060" started-at="2019-12-18T16:56:54Z" finished-at="2019-12-18T16:57:01Z">
          <reporter-output>
          </reporter-output>
        </test-method> <!-- beforeMethod -->
        <test-method status="PASS" signature="createEventTest()[pri:0, instance:UITest.CalendarTest@2344fc66]" name="createEventTest" duration-ms="24274" started-at="2019-12-18T16:57:01Z" finished-at="2019-12-18T16:57:25Z">
          <reporter-output>
          </reporter-output>
        </test-method> <!-- createEventTest -->
        <test-method status="PASS" signature="afterMethod()[pri:0, instance:UITest.CalendarTest@2344fc66]" name="afterMethod" is-config="true" duration-ms="829" started-at="2019-12-18T16:57:25Z" finished-at="2019-12-18T16:57:26Z">
          <reporter-output>
          </reporter-output>
        </test-method> <!-- afterMethod -->
      </class> <!-- UITest.CalendarTest -->
    </test> <!-- UITest -->
  </suite> <!-- Suite1 -->
</testng-results>
